Flow report for decoder7
Wed May 28 17:11:52 2025
Quartus Prime Version 19.1.0 Build 670 09/22/2019 SJ Lite Edition


---------------------
; Table of Contents ;
---------------------
  1. Legal Notice
  2. Flow Summary
  3. Flow Settings
  4. Flow Non-Default Global Settings
  5. Flow Elapsed Time
  6. Flow OS Summary
  7. Flow Log
  8. Flow Messages
  9. Flow Suppressed Messages



----------------
; Legal Notice ;
----------------
Copyright (C) 2019  Intel Corporation. All rights reserved.
Your use of Intel Corporation's design tools, logic functions 
and other software and tools, and any partner logic 
functions, and any output files from any of the foregoing 
(including device programming or simulation files), and any 
associated documentation or information are expressly subject 
to the terms and conditions of the Intel Program License 
Subscription Agreement, the Intel Quartus Prime License Agreement,
the Intel FPGA IP License Agreement, or other applicable license
agreement, including, without limitation, that your use is for
the sole purpose of programming logic devices manufactured by
Intel and sold by Intel or its authorized distributors.  Please
refer to the applicable agreement for further details, at
https://fpgasoftware.intel.com/eula.



+----------------------------------------------------------------------------------+
; Flow Summary                                                                     ;
+------------------------------------+---------------------------------------------+
; Flow Status                        ; Successful - Wed May 28 17:11:52 2025       ;
; Quartus Prime Version              ; 19.1.0 Build 670 09/22/2019 SJ Lite Edition ;
; Revision Name                      ; decoder7                                    ;
; Top-level Entity Name              ; decoder7                                    ;
; Family                             ; Cyclone IV E                                ;
; Device                             ; EP4CE115F29C7                               ;
; Timing Models                      ; Final                                       ;
; Total logic elements               ; 11 / 114,480 ( < 1 % )                      ;
;     Total combinational functions  ; 7 / 114,480 ( < 1 % )                       ;
;     Dedicated logic registers      ; 11 / 114,480 ( < 1 % )                      ;
; Total registers                    ; 11                                          ;
; Total pins                         ; 12 / 529 ( 2 % )                            ;
; Total virtual pins                 ; 0                                           ;
; Total memory bits                  ; 0 / 3,981,312 ( 0 % )                       ;
; Embedded Multiplier 9-bit elements ; 0 / 532 ( 0 % )                             ;
; Total PLLs                         ; 0 / 4 ( 0 % )                               ;
+------------------------------------+---------------------------------------------+


+-----------------------------------------+
; Flow Settings                           ;
+-------------------+---------------------+
; Option            ; Setting             ;
+-------------------+---------------------+
; Start date & time ; 05/28/2025 17:09:52 ;
; Main task         ; Compilation         ;
; Revision Name     ; decoder7            ;
+-------------------+---------------------+


+-------------------------------------------------------------------------------------------------------------------------+
; Flow Non-Default Global Settings                                                                                        ;
+-------------------------------------+----------------------------------------+---------------+-------------+------------+
; Assignment Name                     ; Value                                  ; Default Value ; Entity Name ; Section Id ;
+-------------------------------------+----------------------------------------+---------------+-------------+------------+
; COMPILER_SIGNATURE_ID               ; 124076272398717.174846299209448        ; --            ; --          ; --         ;
; MAX_CORE_JUNCTION_TEMP              ; 85                                     ; --            ; --          ; --         ;
; MIN_CORE_JUNCTION_TEMP              ; 0                                      ; --            ; --          ; --         ;
; NOMINAL_CORE_SUPPLY_VOLTAGE         ; 1.2V                                   ; --            ; --          ; --         ;
; PARTITION_COLOR                     ; -- (Not supported for targeted family) ; --            ; --          ; Top        ;
; PARTITION_FITTER_PRESERVATION_LEVEL ; -- (Not supported for targeted family) ; --            ; --          ; Top        ;
; PARTITION_NETLIST_TYPE              ; -- (Not supported for targeted family) ; --            ; --          ; Top        ;
; POWER_BOARD_THERMAL_MODEL           ; None (CONSERVATIVE)                    ; --            ; --          ; --         ;
; POWER_PRESET_COOLING_SOLUTION       ; 23 MM HEAT SINK WITH 200 LFPM AIRFLOW  ; --            ; --          ; --         ;
; PROJECT_OUTPUT_DIRECTORY            ; output_files                           ; --            ; --          ; --         ;
; VERILOG_INPUT_VERSION               ; SystemVerilog_2005                     ; Verilog_2001  ; --          ; --         ;
; VERILOG_SHOW_LMF_MAPPING_MESSAGES   ; Off                                    ; --            ; --          ; --         ;
+-------------------------------------+----------------------------------------+---------------+-------------+------------+


+--------------------------------------------------------------------------------------------------------------------------+
; Flow Elapsed Time                                                                                                        ;
+----------------------+--------------+-------------------------+---------------------+------------------------------------+
; Module Name          ; Elapsed Time ; Average Processors Used ; Peak Virtual Memory ; Total CPU Time (on all processors) ;
+----------------------+--------------+-------------------------+---------------------+------------------------------------+
; Analysis & Synthesis ; 00:00:05     ; 1.0                     ; 4834 MB             ; 00:00:13                           ;
; Fitter               ; 00:00:10     ; 1.0                     ; 6499 MB             ; 00:00:25                           ;
; Assembler            ; 00:00:01     ; 1.0                     ; 4697 MB             ; 00:00:02                           ;
; Timing Analyzer      ; 00:00:01     ; 1.1                     ; 4951 MB             ; 00:00:01                           ;
; EDA Netlist Writer   ; 00:00:01     ; 1.0                     ; 4643 MB             ; 00:00:00                           ;
; EDA Netlist Writer   ; 00:00:00     ; 1.0                     ; 4652 MB             ; 00:00:00                           ;
; EDA Netlist Writer   ; 00:00:00     ; 1.0                     ; 4643 MB             ; 00:00:00                           ;
; EDA Netlist Writer   ; 00:00:00     ; 1.0                     ; 4659 MB             ; 00:00:00                           ;
; Total                ; 00:00:18     ; --                      ; --                  ; 00:00:41                           ;
+----------------------+--------------+-------------------------+---------------------+------------------------------------+


+------------------------------------------------------------------------------------+
; Flow OS Summary                                                                    ;
+----------------------+------------------+------------+------------+----------------+
; Module Name          ; Machine Hostname ; OS Name    ; OS Version ; Processor type ;
+----------------------+------------------+------------+------------+----------------+
; Analysis & Synthesis ; PC-104245        ; Windows 10 ; 10.0       ; x86_64         ;
; Fitter               ; PC-104245        ; Windows 10 ; 10.0       ; x86_64         ;
; Assembler            ; PC-104245        ; Windows 10 ; 10.0       ; x86_64         ;
; Timing Analyzer      ; PC-104245        ; Windows 10 ; 10.0       ; x86_64         ;
; EDA Netlist Writer   ; PC-104245        ; Windows 10 ; 10.0       ; x86_64         ;
; EDA Netlist Writer   ; PC-104245        ; Windows 10 ; 10.0       ; x86_64         ;
; EDA Netlist Writer   ; PC-104245        ; Windows 10 ; 10.0       ; x86_64         ;
; EDA Netlist Writer   ; PC-104245        ; Windows 10 ; 10.0       ; x86_64         ;
+----------------------+------------------+------------+------------+----------------+


------------
; Flow Log ;
------------
quartus_map --read_settings_files=on --write_settings_files=off decoder7 -c decoder7
quartus_fit --read_settings_files=off --write_settings_files=off decoder7 -c decoder7
quartus_asm --read_settings_files=off --write_settings_files=off decoder7 -c decoder7
quartus_sta decoder7 -c decoder7
quartus_eda --gen_testbench --tool=modelsim_oem --format=verilog --write_settings_files=off decoder7 -c decoder7 --vector_source=C:/Users/willyanmarques/Documents/Dev/OAC-2025.1/Lab0/decoder7_restored/decoder7.vwf --testbench_file=C:/Users/willyanmarques/Documents/Dev/OAC-2025.1/Lab0/decoder7_restored/simulation/qsim/decoder7.vwf.vt
quartus_eda --write_settings_files=off --simulation=on --functional=on --flatten_buses=off --tool=modelsim_oem --format=verilog --output_directory=C:/Users/willyanmarques/Documents/Dev/OAC-2025.1/Lab0/decoder7_restored/simulation/qsim/ decoder7 -c decoder7
quartus_eda --gen_testbench --tool=modelsim_oem --format=verilog --write_settings_files=off decoder7 -c decoder7 --vector_source=C:/Users/willyanmarques/Documents/Dev/OAC-2025.1/Lab0/decoder7_restored/decoder7.vwf --testbench_file=C:/Users/willyanmarques/Documents/Dev/OAC-2025.1/Lab0/decoder7_restored/simulation/qsim/decoder7.vwf.vt
quartus_eda --write_settings_files=off --simulation=on --functional=off --flatten_buses=off --timescale=1ps --tool=modelsim_oem --format=verilog --output_directory=C:/Users/willyanmarques/Documents/Dev/OAC-2025.1/Lab0/decoder7_restored/simulation/qsim/ decoder7 -c decoder7



