Flow report for TopDE
Fri Jul 04 15:58:15 2025
Quartus Prime Version 19.1.0 Build 670 09/22/2019 SJ Lite Edition


---------------------
; Table of Contents ;
---------------------
  1. Legal Notice
  2. Flow Summary
  3. Flow Settings
  4. Flow Non-Default Global Settings
  5. Flow Elapsed Time
  6. Flow OS Summary
  7. Flow Log
  8. Flow Messages
  9. Flow Suppressed Messages



----------------
; Legal Notice ;
----------------
Copyright (C) 2019  Intel Corporation. All rights reserved.
Your use of Intel Corporation's design tools, logic functions 
and other software and tools, and any partner logic 
functions, and any output files from any of the foregoing 
(including device programming or simulation files), and any 
associated documentation or information are expressly subject 
to the terms and conditions of the Intel Program License 
Subscription Agreement, the Intel Quartus Prime License Agreement,
the Intel FPGA IP License Agreement, or other applicable license
agreement, including, without limitation, that your use is for
the sole purpose of programming logic devices manufactured by
Intel and sold by Intel or its authorized distributors.  Please
refer to the applicable agreement for further details, at
https://fpgasoftware.intel.com/eula.



+----------------------------------------------------------------------------------+
; Flow Summary                                                                     ;
+------------------------------------+---------------------------------------------+
; Flow Status                        ; Successful - Fri Jul 04 15:58:15 2025       ;
; Quartus Prime Version              ; 19.1.0 Build 670 09/22/2019 SJ Lite Edition ;
; Revision Name                      ; TopDE                                       ;
; Top-level Entity Name              ; TopDE                                       ;
; Family                             ; Cyclone IV E                                ;
; Device                             ; EP4CE115F29C7                               ;
; Timing Models                      ; Final                                       ;
; Total logic elements               ; 3,361 / 114,480 ( 3 % )                     ;
;     Total combinational functions  ; 2,981 / 114,480 ( 3 % )                     ;
;     Dedicated logic registers      ; 1,731 / 114,480 ( 2 % )                     ;
; Total registers                    ; 1731                                        ;
; Total pins                         ; 498 / 529 ( 94 % )                          ;
; Total virtual pins                 ; 0                                           ;
; Total memory bits                  ; 65,536 / 3,981,312 ( 2 % )                  ;
; Embedded Multiplier 9-bit elements ; 0 / 532 ( 0 % )                             ;
; Total PLLs                         ; 0 / 4 ( 0 % )                               ;
+------------------------------------+---------------------------------------------+


+-----------------------------------------+
; Flow Settings                           ;
+-------------------+---------------------+
; Option            ; Setting             ;
+-------------------+---------------------+
; Start date & time ; 07/04/2025 15:23:42 ;
; Main task         ; Compilation         ;
; Revision Name     ; TopDE               ;
+-------------------+---------------------+


+-------------------------------------------------------------------------------------------------------------------------+
; Flow Non-Default Global Settings                                                                                        ;
+-------------------------------------+----------------------------------------+---------------+-------------+------------+
; Assignment Name                     ; Value                                  ; Default Value ; Entity Name ; Section Id ;
+-------------------------------------+----------------------------------------+---------------+-------------+------------+
; COMPILER_SIGNATURE_ID               ; 124076272398717.175165342223964        ; --            ; --          ; --         ;
; MAX_CORE_JUNCTION_TEMP              ; 85                                     ; --            ; --          ; --         ;
; MIN_CORE_JUNCTION_TEMP              ; 0                                      ; --            ; --          ; --         ;
; NOMINAL_CORE_SUPPLY_VOLTAGE         ; 1.2V                                   ; --            ; --          ; --         ;
; PARTITION_COLOR                     ; -- (Not supported for targeted family) ; --            ; --          ; Top        ;
; PARTITION_FITTER_PRESERVATION_LEVEL ; -- (Not supported for targeted family) ; --            ; --          ; Top        ;
; PARTITION_NETLIST_TYPE              ; -- (Not supported for targeted family) ; --            ; --          ; Top        ;
; POWER_BOARD_THERMAL_MODEL           ; None (CONSERVATIVE)                    ; --            ; --          ; --         ;
; POWER_PRESET_COOLING_SOLUTION       ; 23 MM HEAT SINK WITH 200 LFPM AIRFLOW  ; --            ; --          ; --         ;
; PROJECT_OUTPUT_DIRECTORY            ; output_files                           ; --            ; --          ; --         ;
; VERILOG_INPUT_VERSION               ; SystemVerilog_2005                     ; Verilog_2001  ; --          ; --         ;
; VERILOG_SHOW_LMF_MAPPING_MESSAGES   ; Off                                    ; --            ; --          ; --         ;
+-------------------------------------+----------------------------------------+---------------+-------------+------------+


+--------------------------------------------------------------------------------------------------------------------------+
; Flow Elapsed Time                                                                                                        ;
+----------------------+--------------+-------------------------+---------------------+------------------------------------+
; Module Name          ; Elapsed Time ; Average Processors Used ; Peak Virtual Memory ; Total CPU Time (on all processors) ;
+----------------------+--------------+-------------------------+---------------------+------------------------------------+
; Analysis & Synthesis ; 00:00:15     ; 1.0                     ; 4921 MB             ; 00:00:31                           ;
; Fitter               ; 00:00:19     ; 1.1                     ; 6560 MB             ; 00:00:45                           ;
; Assembler            ; 00:00:02     ; 1.0                     ; 4717 MB             ; 00:00:02                           ;
; Timing Analyzer      ; 00:00:02     ; 1.5                     ; 5014 MB             ; 00:00:03                           ;
; EDA Netlist Writer   ; 00:00:00     ; 1.0                     ; 4662 MB             ; 00:00:00                           ;
; EDA Netlist Writer   ; 00:00:01     ; 1.0                     ; 4675 MB             ; 00:00:01                           ;
; EDA Netlist Writer   ; 00:00:00     ; 1.0                     ; 4662 MB             ; 00:00:00                           ;
; EDA Netlist Writer   ; 00:00:01     ; 1.0                     ; 4675 MB             ; 00:00:01                           ;
; EDA Netlist Writer   ; 00:00:01     ; 1.0                     ; 4662 MB             ; 00:00:00                           ;
; EDA Netlist Writer   ; 00:00:01     ; 1.0                     ; 4676 MB             ; 00:00:01                           ;
; EDA Netlist Writer   ; 00:00:01     ; 1.0                     ; 4662 MB             ; 00:00:00                           ;
; EDA Netlist Writer   ; 00:00:02     ; 1.0                     ; 4714 MB             ; 00:00:03                           ;
; EDA Netlist Writer   ; 00:00:01     ; 1.0                     ; 4662 MB             ; 00:00:00                           ;
; EDA Netlist Writer   ; 00:00:02     ; 1.0                     ; 4714 MB             ; 00:00:02                           ;
; EDA Netlist Writer   ; 00:00:00     ; 1.0                     ; 4662 MB             ; 00:00:00                           ;
; EDA Netlist Writer   ; 00:00:03     ; 1.0                     ; 4715 MB             ; 00:00:03                           ;
; EDA Netlist Writer   ; 00:00:01     ; 1.0                     ; 4662 MB             ; 00:00:00                           ;
; EDA Netlist Writer   ; 00:00:02     ; 1.0                     ; 4715 MB             ; 00:00:02                           ;
; EDA Netlist Writer   ; 00:00:00     ; 1.0                     ; 4662 MB             ; 00:00:00                           ;
; EDA Netlist Writer   ; 00:00:02     ; 1.0                     ; 4713 MB             ; 00:00:03                           ;
; EDA Netlist Writer   ; 00:00:00     ; 1.0                     ; 4665 MB             ; 00:00:00                           ;
; EDA Netlist Writer   ; 00:00:02     ; 1.0                     ; 4717 MB             ; 00:00:03                           ;
; EDA Netlist Writer   ; 00:00:00     ; 1.0                     ; 4662 MB             ; 00:00:00                           ;
; EDA Netlist Writer   ; 00:00:02     ; 1.0                     ; 4713 MB             ; 00:00:02                           ;
; EDA Netlist Writer   ; 00:00:00     ; 1.0                     ; 4665 MB             ; 00:00:00                           ;
; EDA Netlist Writer   ; 00:00:02     ; 1.0                     ; 4715 MB             ; 00:00:02                           ;
; EDA Netlist Writer   ; 00:00:00     ; 1.0                     ; 4665 MB             ; 00:00:00                           ;
; EDA Netlist Writer   ; 00:00:03     ; 1.0                     ; 4713 MB             ; 00:00:03                           ;
; EDA Netlist Writer   ; 00:00:00     ; 1.0                     ; 4665 MB             ; 00:00:00                           ;
; EDA Netlist Writer   ; 00:00:01     ; 1.0                     ; 4678 MB             ; 00:00:01                           ;
; Total                ; 00:01:06     ; --                      ; --                  ; 00:01:48                           ;
+----------------------+--------------+-------------------------+---------------------+------------------------------------+


+------------------------------------------------------------------------------------+
; Flow OS Summary                                                                    ;
+----------------------+------------------+------------+------------+----------------+
; Module Name          ; Machine Hostname ; OS Name    ; OS Version ; Processor type ;
+----------------------+------------------+------------+------------+----------------+
; Analysis & Synthesis ; PC-104245        ; Windows 10 ; 10.0       ; x86_64         ;
; Fitter               ; PC-104245        ; Windows 10 ; 10.0       ; x86_64         ;
; Assembler            ; PC-104245        ; Windows 10 ; 10.0       ; x86_64         ;
; Timing Analyzer      ; PC-104245        ; Windows 10 ; 10.0       ; x86_64         ;
; EDA Netlist Writer   ; PC-104245        ; Windows 10 ; 10.0       ; x86_64         ;
; EDA Netlist Writer   ; PC-104245        ; Windows 10 ; 10.0       ; x86_64         ;
; EDA Netlist Writer   ; PC-104245        ; Windows 10 ; 10.0       ; x86_64         ;
; EDA Netlist Writer   ; PC-104245        ; Windows 10 ; 10.0       ; x86_64         ;
; EDA Netlist Writer   ; PC-104245        ; Windows 10 ; 10.0       ; x86_64         ;
; EDA Netlist Writer   ; PC-104245        ; Windows 10 ; 10.0       ; x86_64         ;
; EDA Netlist Writer   ; PC-104245        ; Windows 10 ; 10.0       ; x86_64         ;
; EDA Netlist Writer   ; PC-104245        ; Windows 10 ; 10.0       ; x86_64         ;
; EDA Netlist Writer   ; PC-104245        ; Windows 10 ; 10.0       ; x86_64         ;
; EDA Netlist Writer   ; PC-104245        ; Windows 10 ; 10.0       ; x86_64         ;
; EDA Netlist Writer   ; PC-104245        ; Windows 10 ; 10.0       ; x86_64         ;
; EDA Netlist Writer   ; PC-104245        ; Windows 10 ; 10.0       ; x86_64         ;
; EDA Netlist Writer   ; PC-104245        ; Windows 10 ; 10.0       ; x86_64         ;
; EDA Netlist Writer   ; PC-104245        ; Windows 10 ; 10.0       ; x86_64         ;
; EDA Netlist Writer   ; PC-104245        ; Windows 10 ; 10.0       ; x86_64         ;
; EDA Netlist Writer   ; PC-104245        ; Windows 10 ; 10.0       ; x86_64         ;
; EDA Netlist Writer   ; PC-104245        ; Windows 10 ; 10.0       ; x86_64         ;
; EDA Netlist Writer   ; PC-104245        ; Windows 10 ; 10.0       ; x86_64         ;
; EDA Netlist Writer   ; PC-104245        ; Windows 10 ; 10.0       ; x86_64         ;
; EDA Netlist Writer   ; PC-104245        ; Windows 10 ; 10.0       ; x86_64         ;
; EDA Netlist Writer   ; PC-104245        ; Windows 10 ; 10.0       ; x86_64         ;
; EDA Netlist Writer   ; PC-104245        ; Windows 10 ; 10.0       ; x86_64         ;
; EDA Netlist Writer   ; PC-104245        ; Windows 10 ; 10.0       ; x86_64         ;
; EDA Netlist Writer   ; PC-104245        ; Windows 10 ; 10.0       ; x86_64         ;
; EDA Netlist Writer   ; PC-104245        ; Windows 10 ; 10.0       ; x86_64         ;
; EDA Netlist Writer   ; PC-104245        ; Windows 10 ; 10.0       ; x86_64         ;
+----------------------+------------------+------------+------------+----------------+


------------
; Flow Log ;
------------
quartus_map --read_settings_files=on --write_settings_files=off TopDE -c TopDE
quartus_fit --read_settings_files=off --write_settings_files=off TopDE -c TopDE
quartus_asm --read_settings_files=off --write_settings_files=off TopDE -c TopDE
quartus_sta TopDE -c TopDE
quartus_eda --gen_testbench --tool=modelsim_oem --format=verilog --write_settings_files=off TopDE -c TopDE --vector_source=C:/Users/willyanmarques/Documents/Dev/OAC-2025.1/Lab4.2/TopDE_restored/Waveform1.vwf --testbench_file=C:/Users/willyanmarques/Documents/Dev/OAC-2025.1/Lab4.2/TopDE_restored/simulation/qsim/Waveform1.vwf.vt
quartus_eda --write_settings_files=off --simulation=on --functional=on --flatten_buses=off --tool=modelsim_oem --format=verilog --output_directory=C:/Users/willyanmarques/Documents/Dev/OAC-2025.1/Lab4.2/TopDE_restored/simulation/qsim/ TopDE -c TopDE
quartus_eda --gen_testbench --tool=modelsim_oem --format=verilog --write_settings_files=off TopDE -c TopDE --vector_source=C:/Users/willyanmarques/Documents/Dev/OAC-2025.1/Lab4.2/TopDE_restored/Waveform1.vwf --testbench_file=C:/Users/willyanmarques/Documents/Dev/OAC-2025.1/Lab4.2/TopDE_restored/simulation/qsim/Waveform1.vwf.vt
quartus_eda --write_settings_files=off --simulation=on --functional=on --flatten_buses=off --tool=modelsim_oem --format=verilog --output_directory=C:/Users/willyanmarques/Documents/Dev/OAC-2025.1/Lab4.2/TopDE_restored/simulation/qsim/ TopDE -c TopDE
quartus_eda --gen_testbench --tool=modelsim_oem --format=verilog --write_settings_files=off TopDE -c TopDE --vector_source=C:/Users/willyanmarques/Documents/Dev/OAC-2025.1/Lab4.2/TopDE_restored/Waveform1.vwf --testbench_file=C:/Users/willyanmarques/Documents/Dev/OAC-2025.1/Lab4.2/TopDE_restored/simulation/qsim/Waveform1.vwf.vt
quartus_eda --write_settings_files=off --simulation=on --functional=on --flatten_buses=off --tool=modelsim_oem --format=verilog --output_directory=C:/Users/willyanmarques/Documents/Dev/OAC-2025.1/Lab4.2/TopDE_restored/simulation/qsim/ TopDE -c TopDE
quartus_eda --gen_testbench --tool=modelsim_oem --format=verilog --write_settings_files=off TopDE -c TopDE --vector_source=C:/Users/willyanmarques/Documents/Dev/OAC-2025.1/Lab4.2/TopDE_restored/Waveform1.vwf --testbench_file=C:/Users/willyanmarques/Documents/Dev/OAC-2025.1/Lab4.2/TopDE_restored/simulation/qsim/Waveform1.vwf.vt
quartus_eda --write_settings_files=off --simulation=on --functional=off --flatten_buses=off --timescale=1ps --tool=modelsim_oem --format=verilog --output_directory=C:/Users/willyanmarques/Documents/Dev/OAC-2025.1/Lab4.2/TopDE_restored/simulation/qsim/ TopDE -c TopDE
quartus_eda --gen_testbench --tool=modelsim_oem --format=verilog --write_settings_files=off TopDE -c TopDE --vector_source=C:/Users/willyanmarques/Documents/Dev/OAC-2025.1/Lab4.2/TopDE_restored/Waveform1.vwf --testbench_file=C:/Users/willyanmarques/Documents/Dev/OAC-2025.1/Lab4.2/TopDE_restored/simulation/qsim/Waveform1.vwf.vt
quartus_eda --write_settings_files=off --simulation=on --functional=off --flatten_buses=off --timescale=1ps --tool=modelsim_oem --format=verilog --output_directory=C:/Users/willyanmarques/Documents/Dev/OAC-2025.1/Lab4.2/TopDE_restored/simulation/qsim/ TopDE -c TopDE
quartus_eda --gen_testbench --tool=modelsim_oem --format=verilog --write_settings_files=off TopDE -c TopDE --vector_source=C:/Users/willyanmarques/Documents/Dev/OAC-2025.1/Lab4.2/TopDE_restored/Waveform1.vwf --testbench_file=C:/Users/willyanmarques/Documents/Dev/OAC-2025.1/Lab4.2/TopDE_restored/simulation/qsim/Waveform1.vwf.vt
quartus_eda --write_settings_files=off --simulation=on --functional=off --flatten_buses=off --timescale=1ps --tool=modelsim_oem --format=verilog --output_directory=C:/Users/willyanmarques/Documents/Dev/OAC-2025.1/Lab4.2/TopDE_restored/simulation/qsim/ TopDE -c TopDE
quartus_eda --gen_testbench --tool=modelsim_oem --format=verilog --write_settings_files=off TopDE -c TopDE --vector_source=C:/Users/willyanmarques/Documents/Dev/OAC-2025.1/Lab4.2/TopDE_restored/Waveform1.vwf --testbench_file=C:/Users/willyanmarques/Documents/Dev/OAC-2025.1/Lab4.2/TopDE_restored/simulation/qsim/Waveform1.vwf.vt
quartus_eda --write_settings_files=off --simulation=on --functional=off --flatten_buses=off --timescale=1ps --tool=modelsim_oem --format=verilog --output_directory=C:/Users/willyanmarques/Documents/Dev/OAC-2025.1/Lab4.2/TopDE_restored/simulation/qsim/ TopDE -c TopDE
quartus_eda --gen_testbench --tool=modelsim_oem --format=verilog --write_settings_files=off TopDE -c TopDE --vector_source=C:/Users/willyanmarques/Documents/Dev/OAC-2025.1/Lab4.2/TopDE_restored/Waveform1.vwf --testbench_file=C:/Users/willyanmarques/Documents/Dev/OAC-2025.1/Lab4.2/TopDE_restored/simulation/qsim/Waveform1.vwf.vt
quartus_eda --write_settings_files=off --simulation=on --functional=off --flatten_buses=off --timescale=1ps --tool=modelsim_oem --format=verilog --output_directory=C:/Users/willyanmarques/Documents/Dev/OAC-2025.1/Lab4.2/TopDE_restored/simulation/qsim/ TopDE -c TopDE
quartus_eda --gen_testbench --tool=modelsim_oem --format=verilog --write_settings_files=off TopDE -c TopDE --vector_source=C:/Users/willyanmarques/Documents/Dev/OAC-2025.1/Lab4.2/TopDE_restored/Waveform1.vwf --testbench_file=C:/Users/willyanmarques/Documents/Dev/OAC-2025.1/Lab4.2/TopDE_restored/simulation/qsim/Waveform1.vwf.vt
quartus_eda --write_settings_files=off --simulation=on --functional=off --flatten_buses=off --timescale=1ps --tool=modelsim_oem --format=verilog --output_directory=C:/Users/willyanmarques/Documents/Dev/OAC-2025.1/Lab4.2/TopDE_restored/simulation/qsim/ TopDE -c TopDE
quartus_eda --gen_testbench --tool=modelsim_oem --format=verilog --write_settings_files=off TopDE -c TopDE --vector_source=C:/Users/willyanmarques/Documents/Dev/OAC-2025.1/Lab4.2/TopDE_restored/Waveform1.vwf --testbench_file=C:/Users/willyanmarques/Documents/Dev/OAC-2025.1/Lab4.2/TopDE_restored/simulation/qsim/Waveform1.vwf.vt
quartus_eda --write_settings_files=off --simulation=on --functional=off --flatten_buses=off --timescale=1ps --tool=modelsim_oem --format=verilog --output_directory=C:/Users/willyanmarques/Documents/Dev/OAC-2025.1/Lab4.2/TopDE_restored/simulation/qsim/ TopDE -c TopDE
quartus_eda --gen_testbench --tool=modelsim_oem --format=verilog --write_settings_files=off TopDE -c TopDE --vector_source=C:/Users/willyanmarques/Documents/Dev/OAC-2025.1/Lab4.2/TopDE_restored/Waveform1.vwf --testbench_file=C:/Users/willyanmarques/Documents/Dev/OAC-2025.1/Lab4.2/TopDE_restored/simulation/qsim/Waveform1.vwf.vt
quartus_eda --write_settings_files=off --simulation=on --functional=off --flatten_buses=off --timescale=1ps --tool=modelsim_oem --format=verilog --output_directory=C:/Users/willyanmarques/Documents/Dev/OAC-2025.1/Lab4.2/TopDE_restored/simulation/qsim/ TopDE -c TopDE
quartus_eda --gen_testbench --tool=modelsim_oem --format=verilog --write_settings_files=off TopDE -c TopDE --vector_source=C:/Users/willyanmarques/Documents/Dev/OAC-2025.1/Lab4.2/TopDE_restored/Waveform1.vwf --testbench_file=C:/Users/willyanmarques/Documents/Dev/OAC-2025.1/Lab4.2/TopDE_restored/simulation/qsim/Waveform1.vwf.vt
quartus_eda --write_settings_files=off --simulation=on --functional=off --flatten_buses=off --timescale=1ps --tool=modelsim_oem --format=verilog --output_directory=C:/Users/willyanmarques/Documents/Dev/OAC-2025.1/Lab4.2/TopDE_restored/simulation/qsim/ TopDE -c TopDE
quartus_eda --gen_testbench --tool=modelsim_oem --format=verilog --write_settings_files=off TopDE -c TopDE --vector_source=C:/Users/willyanmarques/Documents/Dev/OAC-2025.1/Lab4.2/TopDE_restored/Waveform1.vwf --testbench_file=C:/Users/willyanmarques/Documents/Dev/OAC-2025.1/Lab4.2/TopDE_restored/simulation/qsim/Waveform1.vwf.vt
quartus_eda --write_settings_files=off --simulation=on --functional=on --flatten_buses=off --tool=modelsim_oem --format=verilog --output_directory=C:/Users/willyanmarques/Documents/Dev/OAC-2025.1/Lab4.2/TopDE_restored/simulation/qsim/ TopDE -c TopDE



